\BOOKMARK [1][-]{section.1}{Introduction}{}
\BOOKMARK [1][-]{section.2}{Design Requirements for the Data Transfer Kit}{}
\BOOKMARK [1][-]{section.3}{Preliminary Design of the Data Transfer Kit}{}
\BOOKMARK [2][-]{subsection.3.1}{Data Source Interface}{section.3}
\BOOKMARK [2][-]{subsection.3.2}{Data Target Interface}{section.3}
\BOOKMARK [2][-]{subsection.3.3}{Copy Operator}{section.3}
\BOOKMARK [1][-]{section.4}{Consistent Finite Element Interpolation}{}
\BOOKMARK [2][-]{subsection.4.1}{Mapping Algorithm Implementation}{section.4}
\BOOKMARK [1][-]{section.5}{Data Transfer Kit Error Handling Policy}{}
\BOOKMARK [1][-]{section.6}{Obtaining the Data Transfer Kit}{}
\BOOKMARK [1][-]{section.7}{Building the Data Transfer Kit}{}
\BOOKMARK [2][-]{subsection.7.1}{Configure}{section.7}
\BOOKMARK [2][-]{subsection.7.2}{Build}{section.7}
\BOOKMARK [2][-]{subsection.7.3}{Test}{section.7}
\BOOKMARK [1][-]{section.8}{Using the Data Transfer Kit}{}
\BOOKMARK [2][-]{subsection.8.1}{WaveDamper Example}{section.8}
\BOOKMARK [3][-]{subsubsection.8.1.1}{Wave Implementation}{subsection.8.1}
\BOOKMARK [3][-]{subsubsection.8.1.2}{Damper Implementation}{subsection.8.1}
\BOOKMARK [3][-]{subsubsection.8.1.3}{Wave Interface Implementations}{subsection.8.1}
\BOOKMARK [3][-]{subsubsection.8.1.4}{Damper Interface Implementations}{subsection.8.1}
\BOOKMARK [3][-]{subsubsection.8.1.5}{Coupled Driver}{subsection.8.1}
\BOOKMARK [2][-]{subsection.8.2}{WaveDamper Testing}{section.8}
\BOOKMARK [1][-]{section.9}{Conclusion}{}
